2022-03-23T16:36:50.331+0000 [DEBUG] [org.gradle.launcher.daemon.bootstrap.DaemonMain] Assuming the daemon was started with following jvm opts: [--add-opens, java.base/java.util=ALL-UNNAMED, --add-opens, java.base/java.lang=ALL-UNNAMED, --add-opens, java.base/java.lang.invoke=ALL-UNNAMED, --add-opens, java.base/java.util=ALL-UNNAMED, --add-opens, java.prefs/java.util.prefs=ALL-UNNAMED, --add-opens, java.prefs/java.util.prefs=ALL-UNNAMED, --add-opens, java.base/java.nio.charset=ALL-UNNAMED, --add-opens, java.base/java.net=ALL-UNNAMED, --add-opens, java.base/java.util.concurrent.atomic=ALL-UNNAMED, -XX:MaxMetaspaceSize=256m, -XX:+HeapDumpOnOutOfMemoryError, -Xms256m, -Xmx512m, -Dfile.encoding=UTF-8, -Duser.country=BR, -Duser.language=en, -Duser.variant]
2022-03-23T16:36:50.455+0000 [INFO] [org.gradle.launcher.daemon.server.Daemon] start() called on daemon - DefaultDaemonContext[uid=2de83280-0345-4057-9256-fd59701df744,javaHome=/Library/Java/JavaVirtualMachines/adoptopenjdk-11.jdk/Contents/Home,daemonRegistryDir=/Users/gabrieldeaguiarfeo/Projects/ifood/no-daemon-issue-sample/./gradle-user-home-1/daemon,pid=64154,idleTimeout=10800000,priority=NORMAL,daemonOpts=--add-opens,java.base/java.util=ALL-UNNAMED,--add-opens,java.base/java.lang=ALL-UNNAMED,--add-opens,java.base/java.lang.invoke=ALL-UNNAMED,--add-opens,java.base/java.util=ALL-UNNAMED,--add-opens,java.prefs/java.util.prefs=ALL-UNNAMED,--add-opens,java.prefs/java.util.prefs=ALL-UNNAMED,--add-opens,java.base/java.nio.charset=ALL-UNNAMED,--add-opens,java.base/java.net=ALL-UNNAMED,--add-opens,java.base/java.util.concurrent.atomic=ALL-UNNAMED,-XX:MaxMetaspaceSize=256m,-XX:+HeapDumpOnOutOfMemoryError,-Xms256m,-Xmx512m,-Dfile.encoding=UTF-8,-Duser.country=BR,-Duser.language=en,-Duser.variant]
2022-03-23T16:36:50.482+0000 [DEBUG] [org.gradle.internal.remote.internal.inet.InetAddresses] Adding IP addresses for network interface en5
2022-03-23T16:36:50.482+0000 [DEBUG] [org.gradle.internal.remote.internal.inet.InetAddresses] Is this a loopback interface? false
2022-03-23T16:36:50.483+0000 [DEBUG] [org.gradle.internal.remote.internal.inet.InetAddresses] Adding remote address /fe80:0:0:0:aede:48ff:fe00:1122%en5
2022-03-23T16:36:50.483+0000 [DEBUG] [org.gradle.internal.remote.internal.inet.InetAddresses] Adding IP addresses for network interface utun2
2022-03-23T16:36:50.483+0000 [DEBUG] [org.gradle.internal.remote.internal.inet.InetAddresses] Is this a loopback interface? false
2022-03-23T16:36:50.484+0000 [DEBUG] [org.gradle.internal.remote.internal.inet.InetAddresses] Adding remote address /fe80:0:0:0:ce81:b1c:bd2c:69e%utun2
2022-03-23T16:36:50.484+0000 [DEBUG] [org.gradle.internal.remote.internal.inet.InetAddresses] Adding IP addresses for network interface utun1
2022-03-23T16:36:50.484+0000 [DEBUG] [org.gradle.internal.remote.internal.inet.InetAddresses] Is this a loopback interface? false
2022-03-23T16:36:50.485+0000 [DEBUG] [org.gradle.internal.remote.internal.inet.InetAddresses] Adding remote address /fe80:0:0:0:8ab0:995c:744:db60%utun1
2022-03-23T16:36:50.485+0000 [DEBUG] [org.gradle.internal.remote.internal.inet.InetAddresses] Adding IP addresses for network interface utun0
2022-03-23T16:36:50.485+0000 [DEBUG] [org.gradle.internal.remote.internal.inet.InetAddresses] Is this a loopback interface? false
2022-03-23T16:36:50.485+0000 [DEBUG] [org.gradle.internal.remote.internal.inet.InetAddresses] Adding remote address /fe80:0:0:0:94df:73db:b0f4:5bf0%utun0
2022-03-23T16:36:50.485+0000 [DEBUG] [org.gradle.internal.remote.internal.inet.InetAddresses] Adding IP addresses for network interface llw0
2022-03-23T16:36:50.486+0000 [DEBUG] [org.gradle.internal.remote.internal.inet.InetAddresses] Is this a loopback interface? false
2022-03-23T16:36:50.486+0000 [DEBUG] [org.gradle.internal.remote.internal.inet.InetAddresses] Adding remote address /fe80:0:0:0:9421:aaff:fe95:a527%llw0
2022-03-23T16:36:50.486+0000 [DEBUG] [org.gradle.internal.remote.internal.inet.InetAddresses] Adding IP addresses for network interface awdl0
2022-03-23T16:36:50.486+0000 [DEBUG] [org.gradle.internal.remote.internal.inet.InetAddresses] Is this a loopback interface? false
2022-03-23T16:36:50.486+0000 [DEBUG] [org.gradle.internal.remote.internal.inet.InetAddresses] Adding remote address /fe80:0:0:0:9421:aaff:fe95:a527%awdl0
2022-03-23T16:36:50.487+0000 [DEBUG] [org.gradle.internal.remote.internal.inet.InetAddresses] Adding IP addresses for network interface utun3
2022-03-23T16:36:50.487+0000 [DEBUG] [org.gradle.internal.remote.internal.inet.InetAddresses] Is this a loopback interface? false
2022-03-23T16:36:50.487+0000 [DEBUG] [org.gradle.internal.remote.internal.inet.InetAddresses] Adding remote address /10.254.15.81
2022-03-23T16:36:50.488+0000 [DEBUG] [org.gradle.internal.remote.internal.inet.InetAddresses] Adding IP addresses for network interface en0
2022-03-23T16:36:50.488+0000 [DEBUG] [org.gradle.internal.remote.internal.inet.InetAddresses] Is this a loopback interface? false
2022-03-23T16:36:50.488+0000 [DEBUG] [org.gradle.internal.remote.internal.inet.InetAddresses] Adding remote address /fe80:0:0:0:ceb:9f96:8584:1f44%en0
2022-03-23T16:36:50.489+0000 [DEBUG] [org.gradle.internal.remote.internal.inet.InetAddresses] Adding remote address /192.168.112.103
2022-03-23T16:36:50.489+0000 [DEBUG] [org.gradle.internal.remote.internal.inet.InetAddresses] Adding IP addresses for network interface lo0
2022-03-23T16:36:50.489+0000 [DEBUG] [org.gradle.internal.remote.internal.inet.InetAddresses] Is this a loopback interface? true
2022-03-23T16:36:50.489+0000 [DEBUG] [org.gradle.internal.remote.internal.inet.InetAddresses] Ignoring remote address on loopback interface /fe80:0:0:0:0:0:0:1%lo0
2022-03-23T16:36:50.489+0000 [DEBUG] [org.gradle.internal.remote.internal.inet.InetAddresses] Adding loopback address /0:0:0:0:0:0:0:1%lo0
2022-03-23T16:36:50.489+0000 [DEBUG] [org.gradle.internal.remote.internal.inet.InetAddresses] Adding loopback address /127.0.0.1
2022-03-23T16:36:50.492+0000 [DEBUG] [org.gradle.internal.remote.internal.inet.TcpIncomingConnector] Listening on [d133ab53-bc0b-4c11-8846-061eb31053d0 port:64767, addresses:[localhost/127.0.0.1]].
2022-03-23T16:36:50.499+0000 [DEBUG] [org.gradle.launcher.daemon.server.Daemon] Daemon starting at: Wed Mar 23 16:36:50 WET 2022, with address: [d133ab53-bc0b-4c11-8846-061eb31053d0 port:64767, addresses:[localhost/127.0.0.1]]
2022-03-23T16:36:50.499+0000 [INFO] [org.gradle.launcher.daemon.server.DaemonRegistryUpdater] Advertising the daemon address to the clients: [d133ab53-bc0b-4c11-8846-061eb31053d0 port:64767, addresses:[localhost/127.0.0.1]]
2022-03-23T16:36:50.499+0000 [DEBUG] [org.gradle.launcher.daemon.server.DaemonRegistryUpdater] Advertised daemon context: DefaultDaemonContext[uid=2de83280-0345-4057-9256-fd59701df744,javaHome=/Library/Java/JavaVirtualMachines/adoptopenjdk-11.jdk/Contents/Home,daemonRegistryDir=/Users/gabrieldeaguiarfeo/Projects/ifood/no-daemon-issue-sample/./gradle-user-home-1/daemon,pid=64154,idleTimeout=10800000,priority=NORMAL,daemonOpts=--add-opens,java.base/java.util=ALL-UNNAMED,--add-opens,java.base/java.lang=ALL-UNNAMED,--add-opens,java.base/java.lang.invoke=ALL-UNNAMED,--add-opens,java.base/java.util=ALL-UNNAMED,--add-opens,java.prefs/java.util.prefs=ALL-UNNAMED,--add-opens,java.prefs/java.util.prefs=ALL-UNNAMED,--add-opens,java.base/java.nio.charset=ALL-UNNAMED,--add-opens,java.base/java.net=ALL-UNNAMED,--add-opens,java.base/java.util.concurrent.atomic=ALL-UNNAMED,-XX:MaxMetaspaceSize=256m,-XX:+HeapDumpOnOutOfMemoryError,-Xms256m,-Xmx512m,-Dfile.encoding=UTF-8,-Duser.country=BR,-Duser.language=en,-Duser.variant]
2022-03-23T16:36:50.500+0000 [DEBUG] [org.gradle.launcher.daemon.registry.PersistentDaemonRegistry] Storing daemon address: [d133ab53-bc0b-4c11-8846-061eb31053d0 port:64767, addresses:[localhost/127.0.0.1]], context: DefaultDaemonContext[uid=2de83280-0345-4057-9256-fd59701df744,javaHome=/Library/Java/JavaVirtualMachines/adoptopenjdk-11.jdk/Contents/Home,daemonRegistryDir=/Users/gabrieldeaguiarfeo/Projects/ifood/no-daemon-issue-sample/./gradle-user-home-1/daemon,pid=64154,idleTimeout=10800000,priority=NORMAL,daemonOpts=--add-opens,java.base/java.util=ALL-UNNAMED,--add-opens,java.base/java.lang=ALL-UNNAMED,--add-opens,java.base/java.lang.invoke=ALL-UNNAMED,--add-opens,java.base/java.util=ALL-UNNAMED,--add-opens,java.prefs/java.util.prefs=ALL-UNNAMED,--add-opens,java.prefs/java.util.prefs=ALL-UNNAMED,--add-opens,java.base/java.nio.charset=ALL-UNNAMED,--add-opens,java.base/java.net=ALL-UNNAMED,--add-opens,java.base/java.util.concurrent.atomic=ALL-UNNAMED,-XX:MaxMetaspaceSize=256m,-XX:+HeapDumpOnOutOfMemoryError,-Xms256m,-Xmx512m,-Dfile.encoding=UTF-8,-Duser.country=BR,-Duser.language=en,-Duser.variant]
2022-03-23T16:36:50.508+0000 [DEBUG] [org.gradle.cache.internal.DefaultFileLockManager] Waiting to acquire exclusive lock on daemon addresses registry.
2022-03-23T16:36:50.511+0000 [DEBUG] [org.gradle.cache.internal.DefaultFileLockManager] Lock acquired on daemon addresses registry.
2022-03-23T16:36:50.516+0000 [DEBUG] [org.gradle.cache.internal.DefaultFileLockManager] Releasing lock on daemon addresses registry.
2022-03-23T16:36:50.516+0000 [LIFECYCLE] [org.gradle.launcher.daemon.server.Daemon] Daemon server started.
2022-03-23T16:36:50.518+0000 [DEBUG] [org.gradle.launcher.daemon.bootstrap.DaemonStartupCommunication] Completed writing the daemon greeting. Closing streams...
2022-03-23T16:36:50.522+0000 [DEBUG] [org.gradle.launcher.daemon.server.Daemon] stopOnExpiration() called on daemon
2022-03-23T16:36:50.523+0000 [DEBUG] [org.gradle.launcher.daemon.server.Daemon] awaitExpiration() called on daemon
2022-03-23T16:36:50.524+0000 [DEBUG] [org.gradle.launcher.daemon.server.DaemonStateCoordinator] daemon is running. Sleeping until state changes.
2022-03-23T16:36:50.533+0000 [DEBUG] [org.gradle.internal.remote.internal.inet.TcpIncomingConnector] Accepted connection from /127.0.0.1:64768 to /127.0.0.1:64767.
2022-03-23T16:36:50.566+0000 [DEBUG] [org.gradle.launcher.daemon.server.SynchronizedDispatchConnection] thread 19: received class org.gradle.launcher.daemon.protocol.Build
2022-03-23T16:36:50.567+0000 [DEBUG] [org.gradle.launcher.daemon.server.DefaultDaemonConnection] thread 19: Received non-IO message from client: Build{id=1bd055f0-6f9c-4912-aadc-a1261702676b, currentDir=/Users/gabrieldeaguiarfeo/Projects/ifood/no-daemon-issue-sample}
2022-03-23T16:36:50.568+0000 [INFO] [org.gradle.launcher.daemon.server.DefaultIncomingConnectionHandler] Received command: Build{id=1bd055f0-6f9c-4912-aadc-a1261702676b, currentDir=/Users/gabrieldeaguiarfeo/Projects/ifood/no-daemon-issue-sample}.
2022-03-23T16:36:50.568+0000 [DEBUG] [org.gradle.launcher.daemon.server.DefaultIncomingConnectionHandler] Starting executing command: Build{id=1bd055f0-6f9c-4912-aadc-a1261702676b, currentDir=/Users/gabrieldeaguiarfeo/Projects/ifood/no-daemon-issue-sample} with connection: socket connection from /127.0.0.1:64767 to /127.0.0.1:64768.
2022-03-23T16:36:50.571+0000 [DEBUG] [org.gradle.launcher.daemon.server.DaemonStateCoordinator] Command execution: started DaemonCommandExecution[command = Build{id=1bd055f0-6f9c-4912-aadc-a1261702676b, currentDir=/Users/gabrieldeaguiarfeo/Projects/ifood/no-daemon-issue-sample}, connection = DefaultDaemonConnection: socket connection from /127.0.0.1:64767 to /127.0.0.1:64768] after 0.0 minutes of idle
2022-03-23T16:36:50.571+0000 [INFO] [org.gradle.launcher.daemon.server.DaemonRegistryUpdater] Marking the daemon as busy, address: [d133ab53-bc0b-4c11-8846-061eb31053d0 port:64767, addresses:[localhost/127.0.0.1]]
2022-03-23T16:36:50.571+0000 [DEBUG] [org.gradle.launcher.daemon.registry.PersistentDaemonRegistry] Marking busy by address: [d133ab53-bc0b-4c11-8846-061eb31053d0 port:64767, addresses:[localhost/127.0.0.1]]
2022-03-23T16:36:50.572+0000 [DEBUG] [org.gradle.cache.internal.DefaultFileLockManager] Waiting to acquire exclusive lock on daemon addresses registry.
2022-03-23T16:36:50.572+0000 [DEBUG] [org.gradle.cache.internal.DefaultFileLockManager] Lock acquired on daemon addresses registry.
2022-03-23T16:36:50.573+0000 [DEBUG] [org.gradle.cache.internal.DefaultFileLockManager] Releasing lock on daemon addresses registry.
2022-03-23T16:36:50.573+0000 [DEBUG] [org.gradle.launcher.daemon.server.DaemonStateCoordinator] resetting idle timer
2022-03-23T16:36:50.574+0000 [DEBUG] [org.gradle.launcher.daemon.server.DaemonStateCoordinator] daemon is running. Sleeping until state changes.
2022-03-23T16:36:50.574+0000 [INFO] [org.gradle.launcher.daemon.server.exec.StartBuildOrRespondWithBusy] Daemon is about to start building Build{id=1bd055f0-6f9c-4912-aadc-a1261702676b, currentDir=/Users/gabrieldeaguiarfeo/Projects/ifood/no-daemon-issue-sample}. Dispatching build started information...
2022-03-23T16:36:50.575+0000 [DEBUG] [org.gradle.launcher.daemon.server.SynchronizedDispatchConnection] thread 21: dispatching org.gradle.launcher.daemon.protocol.BuildStarted@3b864abb
2022-03-23T16:36:50.577+0000 [DEBUG] [org.gradle.launcher.daemon.server.exec.EstablishBuildEnvironment] Configuring env variables: [PATH, GITLAB_REGISTRY_TOKEN, fish_color_match, fish_color_escape, VENTURA_HOST, BATS_ASSERT_PATH, RBENV_SHELL, MYSQL_HOST, VSCODE_GIT_IPC_HANDLE, IFOOD_SECRET, ANDROID_HOME, SCRIPTS_DIR, IFOOD_GRADLE_CACHE_PASSWORD, fish_color_autosuggestion, COLORTERM, IFOOD_GRADLE_CACHE_DISABLE_LOCAL, LOGNAME, VSCODE_GIT_ASKPASS_NODE, PWD, TERM_PROGRAM_VERSION, GIT_ASKPASS, SLACK_URL, CI_JOB_URL, SHELL, fish_color_comment, VENTURA_AWS_DB_PATH, HOMEBREW_CASK_OPTS, fish_user_paths, GITHUB_TOKEN, TMPDIR, fish_color_command, ORIGINAL_XDG_CURRENT_DESKTOP, fish_color_valid_path, XPC_FLAGS, LC_ALL, M2_HOME, fish_color_search_match, __CF_USER_TEXT_ENCODING, LESS, GITLAB_COM_TOKEN, SHLVL, IFOOD_CONSUMER_ANDROID_PROJECT_PATH, IFOOD_GRADLE_CACHE_USERNAME, JAVA_MAIN_CLASS_64117, DARK_MODE_ENABLED, CI_API_V4_URL, fish_color_cwd, fish_color_user, fish_color_normal, fish_color_history_current, JAVA_HOME, AUTO_UPDATE_PROJECT_PATH, MYSQL_USERNAME, CI_PROJECT_ID, TERM, FASTER_NEXUS_PASSWORD, LANG, BUILD_PLUGINS_PROJECT_PATH, COMMAND_MODE, test_var, VSCODE_GIT_ASKPASS_MAIN, GROOVY_HOME, fish_color_error, GRADLE_USER_HOME, fish_pager_color_progress, VSCODE_GIT_ASKPASS_EXTRA_ARGS, fish_color_cwd_root, GITLAB_API_TOKEN, XPC_SERVICE_NAME, fish_color_redirection, fish_color_cancel, GITLAB_TRIGGER_TOKEN, fish_pager_color_prefix, __CFBundleIdentifier, fish_color_param, HOMEBREW_GITHUB_API_TOKEN, BAT_THEME, fish_color_selection, TERM_PROGRAM, fish_pager_color_completion, fish_color_host, CATALINA_HOME, VENTURA_AWS_EC2_PATH, USER, ANDROID_SDK_ROOT, fish_color_operator, SSH_AUTH_SOCK, fish_color_end, EDITOR, fish_pager_color_description, SCRIPTS_PATH, IFOOD_GRADLE_CACHE, fish_color_quote, OPENVPN_CLIENT_CONFIG, HOME]
2022-03-23T16:36:50.578+0000 [DEBUG] [org.gradle.launcher.daemon.server.SynchronizedDispatchConnection] thread 19: received class org.gradle.launcher.daemon.protocol.CloseInput
2022-03-23T16:36:50.579+0000 [DEBUG] [org.gradle.launcher.daemon.server.DefaultDaemonConnection] thread 19: Received IO message from client: org.gradle.launcher.daemon.protocol.CloseInput@61d283c7
2022-03-23T16:36:50.582+0000 [DEBUG] [org.gradle.launcher.daemon.server.exec.LogToClient] About to start relaying all logs to the client via the connection.
2022-03-23T16:36:50.583+0000 [INFO] [org.gradle.launcher.daemon.server.exec.LogToClient] The client will now receive all logging from the daemon (pid: 64154). The daemon log file: /Users/gabrieldeaguiarfeo/Projects/ifood/no-daemon-issue-sample/./gradle-user-home-1/daemon/7.4.1/daemon-64154.out.log
2022-03-23T16:36:50.586+0000 [INFO] [org.gradle.launcher.daemon.server.exec.LogAndCheckHealth] Starting build in new daemon [memory: 512 MiB]
2022-03-23T16:36:50.587+0000 [INFO] [org.gradle.launcher.daemon.server.exec.ForwardClientInput] Closing daemon's stdin at end of input.
2022-03-23T16:36:50.587+0000 [INFO] [org.gradle.launcher.daemon.server.exec.ForwardClientInput] The daemon will no longer process any standard input.
2022-03-23T16:36:50.592+0000 [DEBUG] [org.gradle.launcher.daemon.server.exec.ExecuteBuild] The daemon has started executing the build.
2022-03-23T16:36:50.593+0000 [DEBUG] [org.gradle.launcher.daemon.server.exec.ExecuteBuild] Executing build with daemon context: DefaultDaemonContext[uid=2de83280-0345-4057-9256-fd59701df744,javaHome=/Library/Java/JavaVirtualMachines/adoptopenjdk-11.jdk/Contents/Home,daemonRegistryDir=/Users/gabrieldeaguiarfeo/Projects/ifood/no-daemon-issue-sample/./gradle-user-home-1/daemon,pid=64154,idleTimeout=10800000,priority=NORMAL,daemonOpts=--add-opens,java.base/java.util=ALL-UNNAMED,--add-opens,java.base/java.lang=ALL-UNNAMED,--add-opens,java.base/java.lang.invoke=ALL-UNNAMED,--add-opens,java.base/java.util=ALL-UNNAMED,--add-opens,java.prefs/java.util.prefs=ALL-UNNAMED,--add-opens,java.prefs/java.util.prefs=ALL-UNNAMED,--add-opens,java.base/java.nio.charset=ALL-UNNAMED,--add-opens,java.base/java.net=ALL-UNNAMED,--add-opens,java.base/java.util.concurrent.atomic=ALL-UNNAMED,-XX:MaxMetaspaceSize=256m,-XX:+HeapDumpOnOutOfMemoryError,-Xms256m,-Xmx512m,-Dfile.encoding=UTF-8,-Duser.country=BR,-Duser.language=en,-Duser.variant]

Welcome to Gradle 7.4.1.

To run a build, run gradle <task> ...

To see a list of available tasks, run gradle tasks

To see more detail about a task, run gradle help --task <task>

To see a list of command-line options, run gradle --help

For more detail on using Gradle, see https://docs.gradle.org/7.4.1/userguide/command_line_interface.html

For troubleshooting, visit https://help.gradle.org

BUILD SUCCESSFUL in 19s
10 actionable tasks: 1 executed, 9 up-to-date
2022-03-23T16:37:08.904+0000 [DEBUG] [org.gradle.launcher.daemon.server.exec.ExecuteBuild] The daemon has finished executing the build.
2022-03-23T16:37:08.911+0000 [DEBUG] [org.gradle.launcher.daemon.server.DaemonStateCoordinator] daemon is running. Sleeping until state changes.
2022-03-23T16:37:08.911+0000 [DEBUG] [org.gradle.launcher.daemon.server.DaemonStateCoordinator] Command execution: finished waiting for DaemonCommandExecution[command = Build{id=1bd055f0-6f9c-4912-aadc-a1261702676b, currentDir=/Users/gabrieldeaguiarfeo/Projects/ifood/no-daemon-issue-sample}, connection = DefaultDaemonConnection: socket connection from /127.0.0.1:64767 to /127.0.0.1:64768]. Result org.gradle.launcher.daemon.server.DaemonStateCoordinator@73725361 with state Busy
2022-03-23T16:37:08.911+0000 [DEBUG] [org.gradle.launcher.daemon.server.DaemonStateCoordinator] Command execution: completed DaemonCommandExecution[command = Build{id=1bd055f0-6f9c-4912-aadc-a1261702676b, currentDir=/Users/gabrieldeaguiarfeo/Projects/ifood/no-daemon-issue-sample}, connection = DefaultDaemonConnection: socket connection from /127.0.0.1:64767 to /127.0.0.1:64768]
2022-03-23T16:37:08.911+0000 [DEBUG] [org.gradle.launcher.daemon.server.DaemonStateCoordinator] resetting idle timer
2022-03-23T16:37:08.912+0000 [INFO] [org.gradle.launcher.daemon.server.DaemonRegistryUpdater] Marking the daemon as idle, address: [d133ab53-bc0b-4c11-8846-061eb31053d0 port:64767, addresses:[localhost/127.0.0.1]]
2022-03-23T16:37:08.912+0000 [DEBUG] [org.gradle.launcher.daemon.registry.PersistentDaemonRegistry] Marking busy by address: [d133ab53-bc0b-4c11-8846-061eb31053d0 port:64767, addresses:[localhost/127.0.0.1]]
2022-03-23T16:37:08.912+0000 [DEBUG] [org.gradle.cache.internal.DefaultFileLockManager] Waiting to acquire exclusive lock on daemon addresses registry.
2022-03-23T16:37:08.913+0000 [DEBUG] [org.gradle.cache.internal.DefaultFileLockManager] Lock acquired on daemon addresses registry.
2022-03-23T16:37:08.913+0000 [DEBUG] [org.gradle.cache.internal.DefaultFileLockManager] Releasing lock on daemon addresses registry.
2022-03-23T16:37:08.914+0000 [DEBUG] [org.gradle.launcher.daemon.server.DaemonStateCoordinator] daemon is running. Sleeping until state changes.
2022-03-23T16:37:08.914+0000 [DEBUG] [org.gradle.launcher.daemon.server.exec.ReturnResult] Daemon is dispatching the build result: Success[value=org.gradle.launcher.exec.BuildActionResult@1b1d0fa0]
2022-03-23T16:37:08.914+0000 [DEBUG] [org.gradle.launcher.daemon.server.SynchronizedDispatchConnection] thread 18: dispatching Success[value=org.gradle.launcher.exec.BuildActionResult@1b1d0fa0]
2022-03-23T16:37:08.915+0000 [DEBUG] [org.gradle.launcher.daemon.server.DefaultIncomingConnectionHandler] Finishing executing command: Build{id=1bd055f0-6f9c-4912-aadc-a1261702676b, currentDir=/Users/gabrieldeaguiarfeo/Projects/ifood/no-daemon-issue-sample}
2022-03-23T16:37:08.917+0000 [DEBUG] [org.gradle.launcher.daemon.server.SynchronizedDispatchConnection] thread 19: received class org.gradle.launcher.daemon.protocol.Finished
2022-03-23T16:37:08.917+0000 [DEBUG] [org.gradle.launcher.daemon.server.DefaultDaemonConnection] thread 19: Received non-IO message from client: org.gradle.launcher.daemon.protocol.Finished@21597608
2022-03-23T16:37:08.917+0000 [DEBUG] [org.gradle.launcher.daemon.server.DefaultIncomingConnectionHandler] Received finished message: org.gradle.launcher.daemon.protocol.Finished@21597608
2022-03-23T16:37:08.917+0000 [DEBUG] [org.gradle.launcher.daemon.server.SynchronizedDispatchConnection] thread 18: stopping connection
2022-03-23T16:37:08.918+0000 [DEBUG] [org.gradle.internal.remote.internal.inet.SocketConnection] Discarding EOFException: java.io.EOFException
2022-03-23T16:37:08.918+0000 [DEBUG] [org.gradle.launcher.daemon.server.SynchronizedDispatchConnection] thread 19: received null
2022-03-23T16:37:08.919+0000 [DEBUG] [org.gradle.launcher.daemon.server.DefaultDaemonConnection] thread 19: Received end-of-input from client.
2022-03-23T16:37:08.919+0000 [DEBUG] [org.gradle.launcher.daemon.server.SynchronizedDispatchConnection] thread 18: stopping connection
2022-03-23T16:37:10.197+0000 [DEBUG] [org.gradle.internal.remote.internal.inet.TcpIncomingConnector] Accepted connection from /127.0.0.1:64774 to /127.0.0.1:64767.
2022-03-23T16:37:10.231+0000 [DEBUG] [org.gradle.launcher.daemon.server.SynchronizedDispatchConnection] thread 65: received class org.gradle.launcher.daemon.protocol.Stop
2022-03-23T16:37:10.231+0000 [DEBUG] [org.gradle.launcher.daemon.server.DefaultDaemonConnection] thread 65: Received non-IO message from client: Stop[id=6cd7f7ae-6cf1-43cf-882b-e95a27a3278e]
2022-03-23T16:37:10.231+0000 [INFO] [org.gradle.launcher.daemon.server.DefaultIncomingConnectionHandler] Received command: Stop[id=6cd7f7ae-6cf1-43cf-882b-e95a27a3278e].
2022-03-23T16:37:10.231+0000 [DEBUG] [org.gradle.launcher.daemon.server.DefaultIncomingConnectionHandler] Starting executing command: Stop[id=6cd7f7ae-6cf1-43cf-882b-e95a27a3278e] with connection: socket connection from /127.0.0.1:64767 to /127.0.0.1:64774.
2022-03-23T16:37:10.231+0000 [DEBUG] [org.gradle.launcher.daemon.server.DaemonRegistryUpdater] Storing daemon stop event: stop command received
2022-03-23T16:37:10.232+0000 [DEBUG] [org.gradle.launcher.daemon.registry.PersistentDaemonRegistry] Storing daemon stop event with timestamp 1648053430232
2022-03-23T16:37:10.233+0000 [DEBUG] [org.gradle.cache.internal.DefaultFileLockManager] Waiting to acquire exclusive lock on daemon addresses registry.
2022-03-23T16:37:10.233+0000 [DEBUG] [org.gradle.cache.internal.DefaultFileLockManager] Lock acquired on daemon addresses registry.
2022-03-23T16:37:10.234+0000 [DEBUG] [org.gradle.cache.internal.DefaultFileLockManager] Releasing lock on daemon addresses registry.
2022-03-23T16:37:10.235+0000 [LIFECYCLE] [org.gradle.launcher.daemon.server.DaemonStateCoordinator] Daemon is stopping immediately stop command received
2022-03-23T16:37:10.235+0000 [DEBUG] [org.gradle.launcher.daemon.server.DaemonStateCoordinator] Marking daemon stopped due to stop command received. The daemon is running a build: false
2022-03-23T16:37:10.235+0000 [DEBUG] [org.gradle.launcher.daemon.server.SynchronizedDispatchConnection] thread 18: dispatching Success[value=null]
2022-03-23T16:37:10.235+0000 [DEBUG] [org.gradle.launcher.daemon.server.DaemonStateCoordinator] daemon has stopped.
2022-03-23T16:37:10.235+0000 [DEBUG] [org.gradle.launcher.daemon.server.DefaultIncomingConnectionHandler] Finishing executing command: Stop[id=6cd7f7ae-6cf1-43cf-882b-e95a27a3278e]
2022-03-23T16:37:10.236+0000 [DEBUG] [org.gradle.launcher.daemon.server.Daemon] stop() called on daemon
2022-03-23T16:37:10.236+0000 [INFO] [org.gradle.launcher.daemon.server.Daemon] Stop requested. Daemon is removing its presence from the registry...
2022-03-23T16:37:10.236+0000 [DEBUG] [org.gradle.launcher.daemon.server.DaemonRegistryUpdater] Removing our presence to clients, eg. removing this address from the registry: [d133ab53-bc0b-4c11-8846-061eb31053d0 port:64767, addresses:[localhost/127.0.0.1]]
2022-03-23T16:37:10.236+0000 [DEBUG] [org.gradle.launcher.daemon.registry.PersistentDaemonRegistry] Removing daemon address: [d133ab53-bc0b-4c11-8846-061eb31053d0 port:64767, addresses:[localhost/127.0.0.1]]
2022-03-23T16:37:10.236+0000 [DEBUG] [org.gradle.launcher.daemon.server.SynchronizedDispatchConnection] thread 65: received class org.gradle.launcher.daemon.protocol.Finished
2022-03-23T16:37:10.237+0000 [DEBUG] [org.gradle.launcher.daemon.server.DefaultDaemonConnection] thread 65: Received non-IO message from client: org.gradle.launcher.daemon.protocol.Finished@5b1f33d4
2022-03-23T16:37:10.237+0000 [DEBUG] [org.gradle.launcher.daemon.server.DefaultIncomingConnectionHandler] Received finished message: org.gradle.launcher.daemon.protocol.Finished@5b1f33d4
2022-03-23T16:37:10.237+0000 [DEBUG] [org.gradle.cache.internal.DefaultFileLockManager] Waiting to acquire exclusive lock on daemon addresses registry.
2022-03-23T16:37:10.237+0000 [DEBUG] [org.gradle.launcher.daemon.server.SynchronizedDispatchConnection] thread 18: stopping connection
2022-03-23T16:37:10.238+0000 [DEBUG] [org.gradle.cache.internal.DefaultFileLockManager] Lock acquired on daemon addresses registry.
2022-03-23T16:37:10.238+0000 [DEBUG] [org.gradle.internal.remote.internal.inet.SocketConnection] Discarding EOFException: java.io.EOFException
2022-03-23T16:37:10.238+0000 [DEBUG] [org.gradle.launcher.daemon.server.SynchronizedDispatchConnection] thread 65: received null
2022-03-23T16:37:10.238+0000 [DEBUG] [org.gradle.launcher.daemon.server.DefaultDaemonConnection] thread 65: Received end-of-input from client.
2022-03-23T16:37:10.239+0000 [DEBUG] [org.gradle.cache.internal.DefaultFileLockManager] Releasing lock on daemon addresses registry.
2022-03-23T16:37:10.239+0000 [DEBUG] [org.gradle.launcher.daemon.server.SynchronizedDispatchConnection] thread 18: stopping connection
2022-03-23T16:37:10.240+0000 [DEBUG] [org.gradle.launcher.daemon.server.DaemonRegistryUpdater] Address removed from registry.
2022-03-23T16:37:10.242+0000 [DEBUG] [org.gradle.cache.internal.LockOnDemandCrossProcessCacheAccess] Releasing file lock for jars (/Users/gabrieldeaguiarfeo/Projects/ifood/no-daemon-issue-sample/gradle-user-home-1/caches/jars-9)
2022-03-23T16:37:10.242+0000 [DEBUG] [org.gradle.cache.internal.DefaultFileLockManager] Releasing lock on jars (/Users/gabrieldeaguiarfeo/Projects/ifood/no-daemon-issue-sample/gradle-user-home-1/caches/jars-9).
2022-03-23T16:37:10.244+0000 [DEBUG] [org.gradle.cache.internal.DefaultCacheAccess] Cache Artifact transforms cache (/Users/gabrieldeaguiarfeo/Projects/ifood/no-daemon-issue-sample/gradle-user-home-1/caches/transforms-3) was closed 0 times.
2022-03-23T16:37:10.248+0000 [DEBUG] [org.gradle.cache.internal.LockOnDemandCrossProcessCacheAccess] Releasing file lock for file content cache (/Users/gabrieldeaguiarfeo/Projects/ifood/no-daemon-issue-sample/gradle-user-home-1/caches/7.4.1/fileContent)
2022-03-23T16:37:10.248+0000 [DEBUG] [org.gradle.cache.internal.DefaultFileLockManager] Releasing lock on file content cache (/Users/gabrieldeaguiarfeo/Projects/ifood/no-daemon-issue-sample/gradle-user-home-1/caches/7.4.1/fileContent).
2022-03-23T16:37:10.250+0000 [DEBUG] [org.gradle.internal.watch.vfs.impl.WatchingVirtualFileSystem] Closing VFS, dropping state
2022-03-23T16:37:10.252+0000 [DEBUG] [org.gradle.internal.watch.registry.impl.DefaultFileWatcherRegistry] Finished listening to file system change events
2022-03-23T16:37:10.252+0000 [DEBUG] [org.gradle.cache.internal.LockOnDemandCrossProcessCacheAccess] Releasing file lock for artifact cache (/Users/gabrieldeaguiarfeo/Projects/ifood/no-daemon-issue-sample/gradle-user-home-1/caches/modules-2)
2022-03-23T16:37:10.252+0000 [DEBUG] [org.gradle.cache.internal.DefaultFileLockManager] Releasing lock on artifact cache (/Users/gabrieldeaguiarfeo/Projects/ifood/no-daemon-issue-sample/gradle-user-home-1/caches/modules-2).
2022-03-23T16:37:10.254+0000 [DEBUG] [org.gradle.cache.internal.LockOnDemandCrossProcessCacheAccess] Releasing file lock for journal cache (/Users/gabrieldeaguiarfeo/Projects/ifood/no-daemon-issue-sample/gradle-user-home-1/caches/journal-1)
2022-03-23T16:37:10.254+0000 [DEBUG] [org.gradle.cache.internal.btree.BTreePersistentIndexedCache] Closing cache file-access.bin (/Users/gabrieldeaguiarfeo/Projects/ifood/no-daemon-issue-sample/gradle-user-home-1/caches/journal-1/file-access.bin)
2022-03-23T16:37:10.254+0000 [DEBUG] [org.gradle.cache.internal.DefaultFileLockManager] Releasing lock on journal cache (/Users/gabrieldeaguiarfeo/Projects/ifood/no-daemon-issue-sample/gradle-user-home-1/caches/journal-1).
2022-03-23T16:37:10.256+0000 [DEBUG] [org.gradle.cache.internal.LockOnDemandCrossProcessCacheAccess] Releasing file lock for file hash cache (/Users/gabrieldeaguiarfeo/Projects/ifood/no-daemon-issue-sample/gradle-user-home-1/caches/7.4.1/fileHashes)
2022-03-23T16:37:10.256+0000 [DEBUG] [org.gradle.cache.internal.btree.BTreePersistentIndexedCache] Closing cache fileHashes.bin (/Users/gabrieldeaguiarfeo/Projects/ifood/no-daemon-issue-sample/gradle-user-home-1/caches/7.4.1/fileHashes/fileHashes.bin)
2022-03-23T16:37:10.256+0000 [DEBUG] [org.gradle.cache.internal.btree.BTreePersistentIndexedCache] Closing cache resourceHashesCache.bin (/Users/gabrieldeaguiarfeo/Projects/ifood/no-daemon-issue-sample/gradle-user-home-1/caches/7.4.1/fileHashes/resourceHashesCache.bin)
2022-03-23T16:37:10.256+0000 [DEBUG] [org.gradle.cache.internal.DefaultFileLockManager] Releasing lock on file hash cache (/Users/gabrieldeaguiarfeo/Projects/ifood/no-daemon-issue-sample/gradle-user-home-1/caches/7.4.1/fileHashes).
2022-03-23T16:37:10.257+0000 [DEBUG] [org.gradle.cache.internal.LockOnDemandCrossProcessCacheAccess] Releasing file lock for Generated Gradle JARs cache (/Users/gabrieldeaguiarfeo/Projects/ifood/no-daemon-issue-sample/gradle-user-home-1/caches/7.4.1/generated-gradle-jars)
2022-03-23T16:37:10.257+0000 [DEBUG] [org.gradle.cache.internal.DefaultFileLockManager] Releasing lock on Generated Gradle JARs cache (/Users/gabrieldeaguiarfeo/Projects/ifood/no-daemon-issue-sample/gradle-user-home-1/caches/7.4.1/generated-gradle-jars).
2022-03-23T16:37:10.259+0000 [DEBUG] [org.gradle.cache.internal.LockOnDemandCrossProcessCacheAccess] Releasing file lock for execution history cache (/Users/gabrieldeaguiarfeo/Projects/ifood/no-daemon-issue-sample/gradle-user-home-1/caches/7.4.1/executionHistory)
2022-03-23T16:37:10.259+0000 [DEBUG] [org.gradle.cache.internal.DefaultFileLockManager] Releasing lock on execution history cache (/Users/gabrieldeaguiarfeo/Projects/ifood/no-daemon-issue-sample/gradle-user-home-1/caches/7.4.1/executionHistory).
2022-03-23T16:37:10.269+0000 [DEBUG] [org.gradle.cache.internal.VersionSpecificCacheCleanupAction] Processed version-specific caches at /Users/gabrieldeaguiarfeo/Projects/ifood/no-daemon-issue-sample/gradle-user-home-1/caches for cleanup in 0.007 secs
Daemon vm is shutting down... The daemon has exited normally or was terminated in response to a user interrupt.
2022-03-23T16:37:10.274+0000 [DEBUG] [org.gradle.launcher.daemon.registry.PersistentDaemonRegistry] Removing daemon address: [d133ab53-bc0b-4c11-8846-061eb31053d0 port:64767, addresses:[localhost/127.0.0.1]]
2022-03-23T16:37:10.275+0000 [DEBUG] [org.gradle.cache.internal.DefaultFileLockManager] Waiting to acquire exclusive lock on daemon addresses registry.
2022-03-23T16:37:10.275+0000 [DEBUG] [org.gradle.cache.internal.DefaultFileLockManager] Lock acquired on daemon addresses registry.
2022-03-23T16:37:10.276+0000 [DEBUG] [org.gradle.cache.internal.DefaultFileLockManager] Releasing lock on daemon addresses registry.
